Release 14.7 - xst P.20131013 (nt64)
Copyright (c) 1995-2013 Xilinx, Inc.  All rights reserved.
--> Parameter TMPDIR set to xst/projnav.tmp


Total REAL time to Xst completion: 0.00 secs
Total CPU time to Xst completion: 0.07 secs
 
--> Parameter xsthdpdir set to xst


Total REAL time to Xst completion: 0.00 secs
Total CPU time to Xst completion: 0.07 secs
 
--> Reading design: cpu.prj

TABLE OF CONTENTS
  1) Synthesis Options Summary
  2) HDL Parsing
  3) HDL Elaboration
  4) HDL Synthesis
       4.1) HDL Synthesis Report
  5) Advanced HDL Synthesis
       5.1) Advanced HDL Synthesis Report
  6) Low Level Synthesis
  7) Partition Report
  8) Design Summary
       8.1) Primitive and Black Box Usage
       8.2) Device utilization summary
       8.3) Partition Resource Summary
       8.4) Timing Report
            8.4.1) Clock Information
            8.4.2) Asynchronous Control Signals Information
            8.4.3) Timing Summary
            8.4.4) Timing Details
            8.4.5) Cross Clock Domains Report


=========================================================================
*                      Synthesis Options Summary                        *
=========================================================================
---- Source Parameters
Input File Name                    : "cpu.prj"
Ignore Synthesis Constraint File   : NO

---- Target Parameters
Output File Name                   : "cpu"
Output Format                      : NGC
Target Device                      : xc7z010-1-clg400

---- Source Options
Top Module Name                    : cpu
Automatic FSM Extraction           : YES
FSM Encoding Algorithm             : Auto
Safe Implementation                : No
FSM Style                          : LUT
RAM Extraction                     : Yes
RAM Style                          : Auto
ROM Extraction                     : Yes
Shift Register Extraction          : YES
ROM Style                          : Auto
Resource Sharing                   : YES
Asynchronous To Synchronous        : NO
Shift Register Minimum Size        : 2
Use DSP Block                      : Auto
Automatic Register Balancing       : No

---- Target Options
LUT Combining                      : Auto
Reduce Control Sets                : Auto
Add IO Buffers                     : YES
Global Maximum Fanout              : 100000
Add Generic Clock Buffer(BUFG)     : 32
Register Duplication               : YES
Optimize Instantiated Primitives   : NO
Use Clock Enable                   : Yes
Use Synchronous Set                : Yes
Use Synchronous Reset              : Yes
Pack IO Registers into IOBs        : Auto
Equivalent register Removal        : YES

---- General Options
Optimization Goal                  : Speed
Optimization Effort                : 1
Power Reduction                    : NO
Keep Hierarchy                     : No
Netlist Hierarchy                  : As_Optimized
RTL Output                         : Yes
Global Optimization                : AllClockNets
Read Cores                         : YES
Write Timing Constraints           : NO
Cross Clock Analysis               : NO
Hierarchy Separator                : /
Bus Delimiter                      : <>
Case Specifier                     : Maintain
Slice Utilization Ratio            : 100
BRAM Utilization Ratio             : 100
DSP48 Utilization Ratio            : 100
Auto BRAM Packing                  : NO
Slice Utilization Ratio Delta      : 5

=========================================================================


=========================================================================
*                          HDL Parsing                                  *
=========================================================================
Parsing VHDL file "D:\Unterricht\2Inf\DT\AVR_NTB Grundversion\status_register.vhd" into library work
Parsing entity <status_register>.
Parsing architecture <Behavioral> of entity <status_register>.
Parsing VHDL file "D:\Unterricht\2Inf\DT\AVR_NTB Grundversion\sequencer.vhd" into library work
Parsing entity <sequencer>.
Parsing architecture <Behavioral> of entity <sequencer>.
Parsing VHDL file "D:\Unterricht\2Inf\DT\AVR_NTB Grundversion\registers.vhd" into library work
Parsing entity <register_file>.
Parsing architecture <Behavioral> of entity <register_file>.
Parsing VHDL file "D:\Unterricht\2Inf\DT\AVR_NTB Grundversion\progmem.vhd" into library work
Parsing entity <ProgMemSimul>.
Parsing architecture <Behavioral> of entity <progmemsimul>.
Parsing VHDL file "D:\Unterricht\2Inf\DT\AVR_NTB Grundversion\instruction_register.vhd" into library work
Parsing entity <instruction_register>.
Parsing architecture <Behavioral> of entity <instruction_register>.
Parsing VHDL file "D:\Unterricht\2Inf\DT\AVR_NTB Grundversion\alu.vhd" into library work
Parsing entity <alu>.
Parsing architecture <Behavioral> of entity <alu>.
Parsing VHDL file "D:\Unterricht\2Inf\DT\AVR_NTB Grundversion\cpu.vhf" into library work
Parsing entity <cpu>.
Parsing architecture <BEHAVIORAL> of entity <cpu>.

=========================================================================
*                            HDL Elaboration                            *
=========================================================================

Elaborating entity <cpu> (architecture <BEHAVIORAL>) from library <work>.

Elaborating entity <alu> (architecture <Behavioral>) from library <work>.

Elaborating entity <instruction_register> (architecture <Behavioral>) from library <work>.

Elaborating entity <ProgMemSimul> (architecture <Behavioral>) with generics from library <work>.

Elaborating entity <register_file> (architecture <Behavioral>) from library <work>.
INFO:HDLCompiler:679 - "D:\Unterricht\2Inf\DT\AVR_NTB Grundversion\registers.vhd" Line 90. Case statement is complete. others clause is never selected

Elaborating entity <sequencer> (architecture <Behavioral>) from library <work>.

Elaborating entity <status_register> (architecture <Behavioral>) from library <work>.
WARNING:Xst:2972 - "D:\Unterricht\2Inf\DT\AVR_NTB Grundversion\cpu.vhf" line 95. All outputs of instance <aluu> of block <alu> are unconnected in block <cpu>. Underlying logic will be removed.
WARNING:Xst:2972 - "D:\Unterricht\2Inf\DT\AVR_NTB Grundversion\cpu.vhf" line 105. All outputs of instance <instr_reg> of block <instruction_register> are unconnected in block <cpu>. Underlying logic will be removed.
WARNING:Xst:2972 - "D:\Unterricht\2Inf\DT\AVR_NTB Grundversion\cpu.vhf" line 111. All outputs of instance <programmem> of block <ProgMemSimul> are unconnected in block <cpu>. Underlying logic will be removed.
WARNING:Xst:2972 - "D:\Unterricht\2Inf\DT\AVR_NTB Grundversion\cpu.vhf" line 115. All outputs of instance <registers> of block <register_file> are unconnected in block <cpu>. Underlying logic will be removed.
WARNING:Xst:2972 - "D:\Unterricht\2Inf\DT\AVR_NTB Grundversion\cpu.vhf" line 123. All outputs of instance <sequ> of block <sequencer> are unconnected in block <cpu>. Underlying logic will be removed.
WARNING:Xst:2972 - "D:\Unterricht\2Inf\DT\AVR_NTB Grundversion\cpu.vhf" line 128. All outputs of instance <stat_reg> of block <status_register> are unconnected in block <cpu>. Underlying logic will be removed.

=========================================================================
*                           HDL Synthesis                               *
=========================================================================

Synthesizing Unit <cpu>.
    Related source file is "D:\Unterricht\2Inf\DT\AVR_NTB Grundversion\cpu.vhf".
INFO:Xst:3210 - "D:\Unterricht\2Inf\DT\AVR_NTB Grundversion\cpu.vhf" line 128: Output port <zero_out> of the instance <stat_reg> is unconnected or connected to loadless signal.
INFO:Xst:3210 - "D:\Unterricht\2Inf\DT\AVR_NTB Grundversion\cpu.vhf" line 128: Output port <negative_out> of the instance <stat_reg> is unconnected or connected to loadless signal.
    Summary:
	no macro.
Unit <cpu> synthesized.

=========================================================================
HDL Synthesis Report

Found no macro
=========================================================================

=========================================================================
*                       Advanced HDL Synthesis                          *
=========================================================================


=========================================================================
Advanced HDL Synthesis Report

Found no macro
=========================================================================

=========================================================================
*                         Low Level Synthesis                           *
=========================================================================

Optimizing unit <cpu> ...

Mapping all equations...
Building and optimizing final netlist ...
Found area constraint ratio of 100 (+ 5) on block cpu, actual ratio is 0.

Final Macro Processing ...

=========================================================================
Final Register Report

Found no macro
=========================================================================

=========================================================================
*                           Partition Report                            *
=========================================================================

Partition Implementation Status
-------------------------------

  No Partitions were found in this design.

-------------------------------

=========================================================================
*                            Design Summary                             *
=========================================================================

Top Level Output File Name         : cpu.ngc

Primitive and Black Box Usage:
------------------------------

Device utilization summary:
---------------------------

Selected Device : 7z010clg400-1 


Slice Logic Utilization: 

Slice Logic Distribution: 
 Number of LUT Flip Flop pairs used:      0
   Number with an unused Flip Flop:       0  out of      0         
   Number with an unused LUT:             0  out of      0         
   Number of fully used LUT-FF pairs:     0  out of      0         
   Number of unique control sets:         0

IO Utilization: 
 Number of IOs:                           2
 Number of bonded IOBs:                   0  out of    100     0%  

Specific Feature Utilization:

---------------------------
Partition Resource Summary:
---------------------------

  No Partitions were found in this design.

---------------------------


=========================================================================
Timing Report

NOTE: THESE TIMING NUMBERS ARE ONLY A SYNTHESIS ESTIMATE.
      FOR ACCURATE TIMING INFORMATION PLEASE REFER TO THE TRACE REPORT
      GENERATED AFTER PLACE-and-ROUTE.

Clock Information:
------------------
No clock signals found in this design

Asynchronous Control Signals Information:
----------------------------------------
No asynchronous control signals found in this design

Timing Summary:
---------------
Speed Grade: -1

   Minimum period: No path found
   Minimum input arrival time before clock: No path found
   Maximum output required time after clock: No path found
   Maximum combinational path delay: No path found

Timing Details:
---------------
All values displayed in nanoseconds (ns)

=========================================================================

Cross Clock Domains Report:
--------------------------

=========================================================================


Total REAL time to Xst completion: 6.00 secs
Total CPU time to Xst completion: 6.43 secs
 
--> 

Total memory usage is 507316 kilobytes

Number of errors   :    0 (   0 filtered)
Number of warnings :    6 (   0 filtered)
Number of infos    :    2 (   0 filtered)

