Command line:
   register_file_isim_beh.exe
     -simmode  gui
     -simrunnum  0
     -socket  32542

Tue Feb 28 14:01:49 2017


 Elaboration Time: 0.046875 sec

 Current Memory Usage: 1494.7 Meg

 Total Signals          : 13
 Total Nets             : 574
 Total Signal Drivers   : 9
 Total Blocks           : 5
 Total Primitive Blocks : 4
 Total Processes        : 4
 Total Traceable Variables  : 10
 Total Scalar Nets and Variables : 952
Total Line Count : 20

 Total Simulation Time: 0.078125 sec

 Current Memory Usage: 1494.66 Meg

Tue Feb 28 14:02:22 2017

